C51 COMPILER V9.56.0.0   GSM_FUNCTIONALITY                                                 11/01/2020 13:55:02 PAGE 1   


C51 COMPILER V9.56.0.0, COMPILATION OF MODULE GSM_FUNCTIONALITY
OBJECT MODULE PLACED IN .\Objects\GSM_Functionality.obj
COMPILER INVOKED BY: C:\Keil_v5\C51\BIN\C51.EXE GSM_Functionality.c OPTIMIZE(8,SPEED) BROWSE DEBUG OBJECTEXTEND PRINT(.\
                    -Listings\GSM_Functionality.lst) TABS(2) OBJECT(.\Objects\GSM_Functionality.obj)

line level    source

   1          #define VARS
   2          #include"common.h"
   3          #include"global_data.h"
   4          extern void gsm_ready(void)
   5          {
   6   1        char i=0;
   7   1        send(strlen(commands[i]));
   8   1      }


MODULE INFORMATION:   STATIC OVERLAYABLE
   CODE SIZE        =     23    ----
   CONSTANT SIZE    =      6    ----
   XDATA SIZE       =   ----    ----
   PDATA SIZE       =   ----    ----
   DATA SIZE        =     48    ----
   IDATA SIZE       =   ----    ----
   BIT SIZE         =   ----    ----
END OF MODULE INFORMATION.


C51 COMPILATION COMPLETE.  0 WARNING(S),  0 ERROR(S)
