C51 COMPILER V9.56.0.0   INITIALIZATION                                                    11/01/2020 13:55:02 PAGE 1   


C51 COMPILER V9.56.0.0, COMPILATION OF MODULE INITIALIZATION
OBJECT MODULE PLACED IN .\Objects\initialization.obj
COMPILER INVOKED BY: C:\Keil_v5\C51\BIN\C51.EXE initialization.c OPTIMIZE(8,SPEED) BROWSE DEBUG OBJECTEXTEND PRINT(.\Lis
                    -tings\initialization.lst) TABS(2) OBJECT(.\Objects\initialization.obj)

line level    source

   1          #define VARS
   2          
   3          #include"common.h"
   4          #include"global_data.h"
   5          extern void init(void)
   6          {
   7   1        interrupt_enable = 0x90;
   8   1        green = 0;
   9   1        red = 0;
  10   1        P1=0;
  11   1        uart_init();
  12   1        gsm_ready();
  13   1        compare();
  14   1        while(1);
  15   1      }


MODULE INFORMATION:   STATIC OVERLAYABLE
   CODE SIZE        =     21    ----
   CONSTANT SIZE    =      6    ----
   XDATA SIZE       =   ----    ----
   PDATA SIZE       =   ----    ----
   DATA SIZE        =     48    ----
   IDATA SIZE       =   ----    ----
   BIT SIZE         =   ----    ----
END OF MODULE INFORMATION.


C51 COMPILATION COMPLETE.  0 WARNING(S),  0 ERROR(S)
