C51 COMPILER V9.56.0.0   UART_FUNCTIONALITY                                                11/01/2020 13:55:02 PAGE 1   


C51 COMPILER V9.56.0.0, COMPILATION OF MODULE UART_FUNCTIONALITY
OBJECT MODULE PLACED IN .\Objects\UART_Functionality.obj
COMPILER INVOKED BY: C:\Keil_v5\C51\BIN\C51.EXE UART_Functionality.c OPTIMIZE(8,SPEED) BROWSE DEBUG OBJECTEXTEND PRINT(.
                    -\Listings\UART_Functionality.lst) TABS(2) OBJECT(.\Objects\UART_Functionality.obj)

line level    source

   1          #define VARS
   2          #include"common.h"
   3          #include"global_data.h"
   4          extern void send(UINT8 string_length)
   5          {
   6   1        UINT8 i;
   7   1        for (i=0;i<string_length;i++)
   8   1        {
   9   2          buffer = commands[0][i];
  10   2          //delay();
  11   2          uart_transmit();
  12   2        }
  13   1      }
  14          extern void uart_transmit(void)
  15          {
  16   1        while(!transmit_interrupt_uart);
  17   1        transmit_interrupt_uart = 0;
  18   1      }
  19          
  20          extern void uart_init(void)
  21          {
  22   1        uart_reg = 0x50;
  23   1        timer_reg = 0x21;
  24   1        timer_data_reg = -3;
  25   1        timer_on_off = 1;
  26   1      }
  27          extern void receive_response(void)  interrupt 4
  28          { 
  29   1      /* ISR routine to save responses/new message */
  30   1        if(RI)
  31   1        {
  32   2          EA = 0;
  33   2          response[x] = buffer; /* copy SBUF(received value) to buffer */
  34   2          x++;
  35   2          RI = 0;
  36   2          EA = 1;
  37   2        }
  38   1      }


MODULE INFORMATION:   STATIC OVERLAYABLE
   CODE SIZE        =     89    ----
   CONSTANT SIZE    =      6    ----
   XDATA SIZE       =   ----    ----
   PDATA SIZE       =   ----    ----
   DATA SIZE        =     48       2
   IDATA SIZE       =   ----    ----
   BIT SIZE         =   ----    ----
END OF MODULE INFORMATION.


C51 COMPILATION COMPLETE.  0 WARNING(S),  0 ERROR(S)
